Построение начато 14.10.2019 23:27:42.
     1>Проект "D:\Institut\Vstudio\2 семестр\lab10\lab10\lab10.vcxproj" в узле 2 (целевые объекты build).
     1>InitializeBuildStatus:
         Создание "Debug\lab10.unsuccessfulbuild", так как было задано "AlwaysCreate".
       ClCompile:
         Для всех выходных данных обновления не требуется.
         d:\Institut\VC\bin\CL.exe /c /ZI /nologo /W3 /WX- /Od /Oy- /D WIN32 /D _DEBUG /D _CONSOLE /D _UNICODE /D UNICODE /Gm /EHsc /RTC1 /MDd /GS /fp:precise /Zc:wchar_t /Zc:forScope /Yu"StdAfx.h" /Fp"Debug\lab10.pch" /Fo"Debug\\" /Fd"Debug\vc100.pdb" /Gd /TP /analyze- /errorReport:prompt lab10.cpp
         lab10.cpp
       ManifestResourceCompile:
         Для всех выходных данных обновления не требуется.
       Link:
         d:\Institut\VC\bin\link.exe /ERRORREPORT:PROMPT /OUT:"D:\Institut\Vstudio\2 семестр\lab10\Debug\lab10.exe" /INCREMENTAL /NOLOGO kernel32.lib user32.lib gdi32.lib winspool.lib comdlg32.lib advapi32.lib shell32.lib ole32.lib oleaut32.lib uuid.lib odbc32.lib odbccp32.lib /MANIFEST /ManifestFile:"Debug\lab10.exe.intermediate.manifest" /MANIFESTUAC:"level='asInvoker' uiAccess='false'" /DEBUG /PDB:"D:\Institut\Vstudio\2 семестр\lab10\Debug\lab10.pdb" /SUBSYSTEM:CONSOLE /TLBID:1 /DYNAMICBASE /NXCOMPAT /IMPLIB:"D:\Institut\Vstudio\2 семестр\lab10\Debug\lab10.lib" /MACHINE:X86 Debug\lab10.exe.embed.manifest.res
         Debug\lab10.obj
         Debug\stdafx.obj
       Manifest:
         C:\Program Files (x86)\Microsoft SDKs\Windows\v7.0A\bin\mt.exe /nologo /verbose /out:"Debug\lab10.exe.embed.manifest" /manifest Debug\lab10.exe.intermediate.manifest
         Для всех выходных данных обновления не требуется.
       LinkEmbedManifest:
         Для всех выходных данных обновления не требуется.
         lab10.vcxproj -> D:\Institut\Vstudio\2 семестр\lab10\Debug\lab10.exe
       FinalizeBuildStatus:
         Файл "Debug\lab10.unsuccessfulbuild" удаляется.
         Обращение к "Debug\lab10.lastbuildstate".
     1>Построение проекта "D:\Institut\Vstudio\2 семестр\lab10\lab10\lab10.vcxproj" завершено (целевые объекты build).

Построение успешно завершено.

Затраченное время: 00:00:01.18
